[2022-07-02 08:11:56] local.ERROR: Connection refused [tcp://127.0.0.1:6379] {"exception":"[object] (Predis\\Connection\\ConnectionException(code: 111): Connection refused [tcp://127.0.0.1:6379] at /app/influencer/vendor/predis/predis/src/Connection/AbstractConnection.php:155)
[stacktrace]
#0 /app/influencer/vendor/predis/predis/src/Connection/StreamConnection.php(128): Predis\\Connection\\AbstractConnection->onConnectionError('Connection refu...', 111)
#1 /app/influencer/vendor/predis/predis/src/Connection/StreamConnection.php(178): Predis\\Connection\\StreamConnection->createStreamSocket(Object(Predis\\Connection\\Parameters), 'tcp://127.0.0.1...', 4)
#2 /app/influencer/vendor/predis/predis/src/Connection/StreamConnection.php(100): Predis\\Connection\\StreamConnection->tcpStreamInitializer(Object(Predis\\Connection\\Parameters))
#3 /app/influencer/vendor/predis/predis/src/Connection/AbstractConnection.php(81): Predis\\Connection\\StreamConnection->createResource()
#4 /app/influencer/vendor/predis/predis/src/Connection/StreamConnection.php(258): Predis\\Connection\\AbstractConnection->connect()
#5 /app/influencer/vendor/predis/predis/src/Connection/AbstractConnection.php(180): Predis\\Connection\\StreamConnection->connect()
#6 /app/influencer/vendor/predis/predis/src/Connection/StreamConnection.php(288): Predis\\Connection\\AbstractConnection->getResource()
#7 /app/influencer/vendor/predis/predis/src/Connection/StreamConnection.php(394): Predis\\Connection\\StreamConnection->write('*2\\
$3\\
GET\\
$6...')
#8 /app/influencer/vendor/predis/predis/src/Connection/AbstractConnection.php(110): Predis\\Connection\\StreamConnection->writeRequest(Object(Predis\\Command\\StringGet))
#9 /app/influencer/vendor/predis/predis/src/Client.php(331): Predis\\Connection\\AbstractConnection->executeCommand(Object(Predis\\Command\\StringGet))
#10 /app/influencer/vendor/predis/predis/src/Client.php(314): Predis\\Client->executeCommand(Object(Predis\\Command\\StringGet))
#11 /app/influencer/vendor/laravel/framework/src/Illuminate/Redis/Connections/Connection.php(116): Predis\\Client->__call('get', Array)
#12 /app/influencer/vendor/laravel/framework/src/Illuminate/Redis/Connections/Connection.php(220): Illuminate\\Redis\\Connections\\Connection->command('get', Array)
#13 /app/influencer/vendor/laravel/framework/src/Illuminate/Cache/RedisStore.php(62): Illuminate\\Redis\\Connections\\Connection->__call('get', Array)
#14 /app/influencer/vendor/laravel/framework/src/Illuminate/Cache/Repository.php(97): Illuminate\\Cache\\RedisStore->get('6e49a48b7049b5d...')
#15 /app/influencer/vendor/laravel/framework/src/Illuminate/Cache/RateLimiter.php(141): Illuminate\\Cache\\Repository->get('6e49a48b7049b5d...', 0)
#16 /app/influencer/vendor/laravel/framework/src/Illuminate/Cache/RateLimiter.php(94): Illuminate\\Cache\\RateLimiter->attempts('6e49a48b7049b5d...')
#17 /app/influencer/vendor/laravel/framework/src/Illuminate/Routing/Middleware/ThrottleRequests.php(120): Illuminate\\Cache\\RateLimiter->tooManyAttempts('6e49a48b7049b5d...', 60)
#18 /app/influencer/vendor/laravel/framework/src/Illuminate/Routing/Middleware/ThrottleRequests.php(103): Illuminate\\Routing\\Middleware\\ThrottleRequests->handleRequest(Object(Illuminate\\Http\\Request), Object(Closure), Array)
#19 /app/influencer/vendor/laravel/framework/src/Illuminate/Routing/Middleware/ThrottleRequests.php(55): Illuminate\\Routing\\Middleware\\ThrottleRequests->handleRequestUsingNamedLimiter(Object(Illuminate\\Http\\Request), Object(Closure), 'api', Object(Closure))
#20 /app/influencer/vendor/laravel/framework/src/Illuminate/Pipeline/Pipeline.php(167): Illuminate\\Routing\\Middleware\\ThrottleRequests->handle(Object(Illuminate\\Http\\Request), Object(Closure), 'api')
#21 /app/influencer/vendor/laravel/framework/src/Illuminate/Pipeline/Pipeline.php(103): Illuminate\\Pipeline\\Pipeline->Illuminate\\Pipeline\\{closure}(Object(Illuminate\\Http\\Request))
#22 /app/influencer/vendor/laravel/framework/src/Illuminate/Routing/Router.php(723): Illuminate\\Pipeline\\Pipeline->then(Object(Closure))
#23 /app/influencer/vendor/laravel/framework/src/Illuminate/Routing/Router.php(698): Illuminate\\Routing\\Router->runRouteWithinStack(Object(Illuminate\\Routing\\Route), Object(Illuminate\\Http\\Request))
#24 /app/influencer/vendor/laravel/framework/src/Illuminate/Routing/Router.php(662): Illuminate\\Routing\\Router->runRoute(Object(Illuminate\\Http\\Request), Object(Illuminate\\Routing\\Route))
#25 /app/influencer/vendor/laravel/framework/src/Illuminate/Routing/Router.php(651): Illuminate\\Routing\\Router->dispatchToRoute(Object(Illuminate\\Http\\Request))
#26 /app/influencer/vendor/laravel/framework/src/Illuminate/Foundation/Http/Kernel.php(167): Illuminate\\Routing\\Router->dispatch(Object(Illuminate\\Http\\Request))
#27 /app/influencer/vendor/laravel/framework/src/Illuminate/Pipeline/Pipeline.php(128): Illuminate\\Foundation\\Http\\Kernel->Illuminate\\Foundation\\Http\\{closure}(Object(Illuminate\\Http\\Request))
#28 /app/influencer/vendor/laravel/framework/src/Illuminate/Foundation/Http/Middleware/TransformsRequest.php(21): Illuminate\\Pipeline\\Pipeline->Illuminate\\Pipeline\\{closure}(Object(Illuminate\\Http\\Request))
#29 /app/influencer/vendor/laravel/framework/src/Illuminate/Foundation/Http/Middleware/ConvertEmptyStringsToNull.php(31): Illuminate\\Foundation\\Http\\Middleware\\TransformsRequest->handle(Object(Illuminate\\Http\\Request), Object(Closure))
#30 /app/influencer/vendor/laravel/framework/src/Illuminate/Pipeline/Pipeline.php(167): Illuminate\\Foundation\\Http\\Middleware\\ConvertEmptyStringsToNull->handle(Object(Illuminate\\Http\\Request), Object(Closure))
#31 /app/influencer/vendor/laravel/framework/src/Illuminate/Foundation/Http/Middleware/TransformsRequest.php(21): Illuminate\\Pipeline\\Pipeline->Illuminate\\Pipeline\\{closure}(Object(Illuminate\\Http\\Request))
#32 /app/influencer/vendor/laravel/framework/src/Illuminate/Foundation/Http/Middleware/TrimStrings.php(40): Illuminate\\Foundation\\Http\\Middleware\\TransformsRequest->handle(Object(Illuminate\\Http\\Request), Object(Closure))
#33 /app/influencer/vendor/laravel/framework/src/Illuminate/Pipeline/Pipeline.php(167): Illuminate\\Foundation\\Http\\Middleware\\TrimStrings->handle(Object(Illuminate\\Http\\Request), Object(Closure))
#34 /app/influencer/vendor/laravel/framework/src/Illuminate/Foundation/Http/Middleware/ValidatePostSize.php(27): Illuminate\\Pipeline\\Pipeline->Illuminate\\Pipeline\\{closure}(Object(Illuminate\\Http\\Request))
#35 /app/influencer/vendor/laravel/framework/src/Illuminate/Pipeline/Pipeline.php(167): Illuminate\\Foundation\\Http\\Middleware\\ValidatePostSize->handle(Object(Illuminate\\Http\\Request), Object(Closure))
#36 /app/influencer/vendor/laravel/framework/src/Illuminate/Foundation/Http/Middleware/PreventRequestsDuringMaintenance.php(86): Illuminate\\Pipeline\\Pipeline->Illuminate\\Pipeline\\{closure}(Object(Illuminate\\Http\\Request))
#37 /app/influencer/vendor/laravel/framework/src/Illuminate/Pipeline/Pipeline.php(167): Illuminate\\Foundation\\Http\\Middleware\\PreventRequestsDuringMaintenance->handle(Object(Illuminate\\Http\\Request), Object(Closure))
#38 /app/influencer/vendor/fruitcake/laravel-cors/src/HandleCors.php(52): Illuminate\\Pipeline\\Pipeline->Illuminate\\Pipeline\\{closure}(Object(Illuminate\\Http\\Request))
#39 /app/influencer/vendor/laravel/framework/src/Illuminate/Pipeline/Pipeline.php(167): Fruitcake\\Cors\\HandleCors->handle(Object(Illuminate\\Http\\Request), Object(Closure))
#40 /app/influencer/vendor/laravel/framework/src/Illuminate/Http/Middleware/TrustProxies.php(39): Illuminate\\Pipeline\\Pipeline->Illuminate\\Pipeline\\{closure}(Object(Illuminate\\Http\\Request))
#41 /app/influencer/vendor/laravel/framework/src/Illuminate/Pipeline/Pipeline.php(167): Illuminate\\Http\\Middleware\\TrustProxies->handle(Object(Illuminate\\Http\\Request), Object(Closure))
#42 /app/influencer/vendor/laravel/framework/src/Illuminate/Pipeline/Pipeline.php(103): Illuminate\\Pipeline\\Pipeline->Illuminate\\Pipeline\\{closure}(Object(Illuminate\\Http\\Request))
#43 /app/influencer/vendor/laravel/framework/src/Illuminate/Foundation/Http/Kernel.php(142): Illuminate\\Pipeline\\Pipeline->then(Object(Closure))
#44 /app/influencer/vendor/laravel/framework/src/Illuminate/Foundation/Http/Kernel.php(111): Illuminate\\Foundation\\Http\\Kernel->sendRequestThroughRouter(Object(Illuminate\\Http\\Request))
#45 /app/influencer/public/index.php(52): Illuminate\\Foundation\\Http\\Kernel->handle(Object(Illuminate\\Http\\Request))
#46 /app/influencer/server.php(21): require_once('/app/influencer...')
#47 {main}
"} 
[2022-07-02 08:29:09] local.ERROR: Connection refused [tcp://127.0.0.1:6379] {"exception":"[object] (Predis\\Connection\\ConnectionException(code: 111): Connection refused [tcp://127.0.0.1:6379] at /app/influencer/vendor/predis/predis/src/Connection/AbstractConnection.php:155)
[stacktrace]
#0 /app/influencer/vendor/predis/predis/src/Connection/StreamConnection.php(128): Predis\\Connection\\AbstractConnection->onConnectionError('Connection refu...', 111)
#1 /app/influencer/vendor/predis/predis/src/Connection/StreamConnection.php(178): Predis\\Connection\\StreamConnection->createStreamSocket(Object(Predis\\Connection\\Parameters), 'tcp://127.0.0.1...', 4)
#2 /app/influencer/vendor/predis/predis/src/Connection/StreamConnection.php(100): Predis\\Connection\\StreamConnection->tcpStreamInitializer(Object(Predis\\Connection\\Parameters))
#3 /app/influencer/vendor/predis/predis/src/Connection/AbstractConnection.php(81): Predis\\Connection\\StreamConnection->createResource()
#4 /app/influencer/vendor/predis/predis/src/Connection/StreamConnection.php(258): Predis\\Connection\\AbstractConnection->connect()
#5 /app/influencer/vendor/predis/predis/src/Connection/AbstractConnection.php(180): Predis\\Connection\\StreamConnection->connect()
#6 /app/influencer/vendor/predis/predis/src/Connection/StreamConnection.php(288): Predis\\Connection\\AbstractConnection->getResource()
#7 /app/influencer/vendor/predis/predis/src/Connection/StreamConnection.php(394): Predis\\Connection\\StreamConnection->write('*2\\
$3\\
GET\\
$6...')
#8 /app/influencer/vendor/predis/predis/src/Connection/AbstractConnection.php(110): Predis\\Connection\\StreamConnection->writeRequest(Object(Predis\\Command\\StringGet))
#9 /app/influencer/vendor/predis/predis/src/Client.php(331): Predis\\Connection\\AbstractConnection->executeCommand(Object(Predis\\Command\\StringGet))
#10 /app/influencer/vendor/predis/predis/src/Client.php(314): Predis\\Client->executeCommand(Object(Predis\\Command\\StringGet))
#11 /app/influencer/vendor/laravel/framework/src/Illuminate/Redis/Connections/Connection.php(116): Predis\\Client->__call('get', Array)
#12 /app/influencer/vendor/laravel/framework/src/Illuminate/Redis/Connections/Connection.php(220): Illuminate\\Redis\\Connections\\Connection->command('get', Array)
#13 /app/influencer/vendor/laravel/framework/src/Illuminate/Cache/RedisStore.php(62): Illuminate\\Redis\\Connections\\Connection->__call('get', Array)
#14 /app/influencer/vendor/laravel/framework/src/Illuminate/Cache/Repository.php(97): Illuminate\\Cache\\RedisStore->get('6e49a48b7049b5d...')
#15 /app/influencer/vendor/laravel/framework/src/Illuminate/Cache/RateLimiter.php(141): Illuminate\\Cache\\Repository->get('6e49a48b7049b5d...', 0)
#16 /app/influencer/vendor/laravel/framework/src/Illuminate/Cache/RateLimiter.php(94): Illuminate\\Cache\\RateLimiter->attempts('6e49a48b7049b5d...')
#17 /app/influencer/vendor/laravel/framework/src/Illuminate/Routing/Middleware/ThrottleRequests.php(120): Illuminate\\Cache\\RateLimiter->tooManyAttempts('6e49a48b7049b5d...', 60)
#18 /app/influencer/vendor/laravel/framework/src/Illuminate/Routing/Middleware/ThrottleRequests.php(103): Illuminate\\Routing\\Middleware\\ThrottleRequests->handleRequest(Object(Illuminate\\Http\\Request), Object(Closure), Array)
#19 /app/influencer/vendor/laravel/framework/src/Illuminate/Routing/Middleware/ThrottleRequests.php(55): Illuminate\\Routing\\Middleware\\ThrottleRequests->handleRequestUsingNamedLimiter(Object(Illuminate\\Http\\Request), Object(Closure), 'api', Object(Closure))
#20 /app/influencer/vendor/laravel/framework/src/Illuminate/Pipeline/Pipeline.php(167): Illuminate\\Routing\\Middleware\\ThrottleRequests->handle(Object(Illuminate\\Http\\Request), Object(Closure), 'api')
#21 /app/influencer/vendor/laravel/framework/src/Illuminate/Pipeline/Pipeline.php(103): Illuminate\\Pipeline\\Pipeline->Illuminate\\Pipeline\\{closure}(Object(Illuminate\\Http\\Request))
#22 /app/influencer/vendor/laravel/framework/src/Illuminate/Routing/Router.php(723): Illuminate\\Pipeline\\Pipeline->then(Object(Closure))
#23 /app/influencer/vendor/laravel/framework/src/Illuminate/Routing/Router.php(698): Illuminate\\Routing\\Router->runRouteWithinStack(Object(Illuminate\\Routing\\Route), Object(Illuminate\\Http\\Request))
#24 /app/influencer/vendor/laravel/framework/src/Illuminate/Routing/Router.php(662): Illuminate\\Routing\\Router->runRoute(Object(Illuminate\\Http\\Request), Object(Illuminate\\Routing\\Route))
#25 /app/influencer/vendor/laravel/framework/src/Illuminate/Routing/Router.php(651): Illuminate\\Routing\\Router->dispatchToRoute(Object(Illuminate\\Http\\Request))
#26 /app/influencer/vendor/laravel/framework/src/Illuminate/Foundation/Http/Kernel.php(167): Illuminate\\Routing\\Router->dispatch(Object(Illuminate\\Http\\Request))
#27 /app/influencer/vendor/laravel/framework/src/Illuminate/Pipeline/Pipeline.php(128): Illuminate\\Foundation\\Http\\Kernel->Illuminate\\Foundation\\Http\\{closure}(Object(Illuminate\\Http\\Request))
#28 /app/influencer/vendor/laravel/framework/src/Illuminate/Foundation/Http/Middleware/TransformsRequest.php(21): Illuminate\\Pipeline\\Pipeline->Illuminate\\Pipeline\\{closure}(Object(Illuminate\\Http\\Request))
#29 /app/influencer/vendor/laravel/framework/src/Illuminate/Foundation/Http/Middleware/ConvertEmptyStringsToNull.php(31): Illuminate\\Foundation\\Http\\Middleware\\TransformsRequest->handle(Object(Illuminate\\Http\\Request), Object(Closure))
#30 /app/influencer/vendor/laravel/framework/src/Illuminate/Pipeline/Pipeline.php(167): Illuminate\\Foundation\\Http\\Middleware\\ConvertEmptyStringsToNull->handle(Object(Illuminate\\Http\\Request), Object(Closure))
#31 /app/influencer/vendor/laravel/framework/src/Illuminate/Foundation/Http/Middleware/TransformsRequest.php(21): Illuminate\\Pipeline\\Pipeline->Illuminate\\Pipeline\\{closure}(Object(Illuminate\\Http\\Request))
#32 /app/influencer/vendor/laravel/framework/src/Illuminate/Foundation/Http/Middleware/TrimStrings.php(40): Illuminate\\Foundation\\Http\\Middleware\\TransformsRequest->handle(Object(Illuminate\\Http\\Request), Object(Closure))
#33 /app/influencer/vendor/laravel/framework/src/Illuminate/Pipeline/Pipeline.php(167): Illuminate\\Foundation\\Http\\Middleware\\TrimStrings->handle(Object(Illuminate\\Http\\Request), Object(Closure))
#34 /app/influencer/vendor/laravel/framework/src/Illuminate/Foundation/Http/Middleware/ValidatePostSize.php(27): Illuminate\\Pipeline\\Pipeline->Illuminate\\Pipeline\\{closure}(Object(Illuminate\\Http\\Request))
#35 /app/influencer/vendor/laravel/framework/src/Illuminate/Pipeline/Pipeline.php(167): Illuminate\\Foundation\\Http\\Middleware\\ValidatePostSize->handle(Object(Illuminate\\Http\\Request), Object(Closure))
#36 /app/influencer/vendor/laravel/framework/src/Illuminate/Foundation/Http/Middleware/PreventRequestsDuringMaintenance.php(86): Illuminate\\Pipeline\\Pipeline->Illuminate\\Pipeline\\{closure}(Object(Illuminate\\Http\\Request))
#37 /app/influencer/vendor/laravel/framework/src/Illuminate/Pipeline/Pipeline.php(167): Illuminate\\Foundation\\Http\\Middleware\\PreventRequestsDuringMaintenance->handle(Object(Illuminate\\Http\\Request), Object(Closure))
#38 /app/influencer/vendor/fruitcake/laravel-cors/src/HandleCors.php(52): Illuminate\\Pipeline\\Pipeline->Illuminate\\Pipeline\\{closure}(Object(Illuminate\\Http\\Request))
#39 /app/influencer/vendor/laravel/framework/src/Illuminate/Pipeline/Pipeline.php(167): Fruitcake\\Cors\\HandleCors->handle(Object(Illuminate\\Http\\Request), Object(Closure))
#40 /app/influencer/vendor/laravel/framework/src/Illuminate/Http/Middleware/TrustProxies.php(39): Illuminate\\Pipeline\\Pipeline->Illuminate\\Pipeline\\{closure}(Object(Illuminate\\Http\\Request))
#41 /app/influencer/vendor/laravel/framework/src/Illuminate/Pipeline/Pipeline.php(167): Illuminate\\Http\\Middleware\\TrustProxies->handle(Object(Illuminate\\Http\\Request), Object(Closure))
#42 /app/influencer/vendor/laravel/framework/src/Illuminate/Pipeline/Pipeline.php(103): Illuminate\\Pipeline\\Pipeline->Illuminate\\Pipeline\\{closure}(Object(Illuminate\\Http\\Request))
#43 /app/influencer/vendor/laravel/framework/src/Illuminate/Foundation/Http/Kernel.php(142): Illuminate\\Pipeline\\Pipeline->then(Object(Closure))
#44 /app/influencer/vendor/laravel/framework/src/Illuminate/Foundation/Http/Kernel.php(111): Illuminate\\Foundation\\Http\\Kernel->sendRequestThroughRouter(Object(Illuminate\\Http\\Request))
#45 /app/influencer/public/index.php(52): Illuminate\\Foundation\\Http\\Kernel->handle(Object(Illuminate\\Http\\Request))
#46 /app/influencer/server.php(21): require_once('/app/influencer...')
#47 {main}
"} 
